15-Oct-2020 00:33:39.207 INFO [main] jdk.internal.reflect.NativeMethodAccessorImpl.invoke Server version name:   Apache Tomcat (TomEE)/9.0.35 (8.0.2)
15-Oct-2020 00:33:39.209 INFO [main] jdk.internal.reflect.NativeMethodAccessorImpl.invoke Server built:          May 5 2020 20:36:20 UTC
15-Oct-2020 00:33:39.209 INFO [main] jdk.internal.reflect.NativeMethodAccessorImpl.invoke Server version number: 9.0.35.0
15-Oct-2020 00:33:39.209 INFO [main] jdk.internal.reflect.NativeMethodAccessorImpl.invoke OS Name:               Linux
15-Oct-2020 00:33:39.210 INFO [main] jdk.internal.reflect.NativeMethodAccessorImpl.invoke OS Version:            4.19.104-microsoft-standard
15-Oct-2020 00:33:39.210 INFO [main] jdk.internal.reflect.NativeMethodAccessorImpl.invoke Architecture:          amd64
15-Oct-2020 00:33:39.210 INFO [main] jdk.internal.reflect.NativeMethodAccessorImpl.invoke Java Home:             /usr/local/openjdk-11
15-Oct-2020 00:33:39.210 INFO [main] jdk.internal.reflect.NativeMethodAccessorImpl.invoke JVM Version:           11.0.8+10
15-Oct-2020 00:33:39.211 INFO [main] jdk.internal.reflect.NativeMethodAccessorImpl.invoke JVM Vendor:            Oracle Corporation
15-Oct-2020 00:33:39.213 INFO [main] jdk.internal.reflect.NativeMethodAccessorImpl.invoke CATALINA_BASE:         /workspaces/dev-container-java/inscriptions/target/apache-tomee
15-Oct-2020 00:33:39.213 INFO [main] jdk.internal.reflect.NativeMethodAccessorImpl.invoke CATALINA_HOME:         /workspaces/dev-container-java/inscriptions/target/apache-tomee
15-Oct-2020 00:33:39.256 INFO [main] jdk.internal.reflect.NativeMethodAccessorImpl.invoke Command line argument: -XX:+HeapDumpOnOutOfMemoryError
15-Oct-2020 00:33:39.257 INFO [main] jdk.internal.reflect.NativeMethodAccessorImpl.invoke Command line argument: -Dorg.apache.catalina.STRICT_SERVLET_COMPLIANCE=false
15-Oct-2020 00:33:39.257 INFO [main] jdk.internal.reflect.NativeMethodAccessorImpl.invoke Command line argument: -Dopenejb.session.manager=org.apache.tomee.catalina.session.QuickSessionManager
15-Oct-2020 00:33:39.257 INFO [main] jdk.internal.reflect.NativeMethodAccessorImpl.invoke Command line argument: -Dtomee.remote.support=true
15-Oct-2020 00:33:39.259 INFO [main] jdk.internal.reflect.NativeMethodAccessorImpl.invoke Command line argument: -Dopenejb.system.apps=false
15-Oct-2020 00:33:39.259 INFO [main] jdk.internal.reflect.DelegatingMethodAccessorImpl.invoke Command line argument: -Dtomee.jsp-development=true
15-Oct-2020 00:33:39.260 INFO [main] jdk.internal.reflect.DelegatingMethodAccessorImpl.invoke Command line argument: -Djava.util.logging.config.file=/workspaces/dev-container-java/inscriptions/target/apache-tomee/conf/logging.properties
15-Oct-2020 00:33:39.260 INFO [main] jdk.internal.reflect.DelegatingMethodAccessorImpl.invoke Command line argument: -javaagent:/workspaces/dev-container-java/inscriptions/target/apache-tomee/lib/openejb-javaagent.jar
15-Oct-2020 00:33:39.261 INFO [main] jdk.internal.reflect.DelegatingMethodAccessorImpl.invoke Command line argument: -Djava.util.logging.manager=org.apache.juli.ClassLoaderLogManager
15-Oct-2020 00:33:39.262 INFO [main] jdk.internal.reflect.DelegatingMethodAccessorImpl.invoke Command line argument: -Djava.io.tmpdir=/workspaces/dev-container-java/inscriptions/target/apache-tomee/temp
15-Oct-2020 00:33:39.262 INFO [main] jdk.internal.reflect.DelegatingMethodAccessorImpl.invoke Command line argument: -Dcatalina.base=/workspaces/dev-container-java/inscriptions/target/apache-tomee
15-Oct-2020 00:33:39.262 INFO [main] jdk.internal.reflect.DelegatingMethodAccessorImpl.invoke Command line argument: -Dcatalina.home=/workspaces/dev-container-java/inscriptions/target/apache-tomee
15-Oct-2020 00:33:39.263 INFO [main] jdk.internal.reflect.DelegatingMethodAccessorImpl.invoke Command line argument: -Dcatalina.ext.dirs=/workspaces/dev-container-java/inscriptions/target/apache-tomee/lib
15-Oct-2020 00:33:39.264 INFO [main] jdk.internal.reflect.DelegatingMethodAccessorImpl.invoke Command line argument: -Dorg.apache.tomcat.util.http.ServerCookie.ALLOW_HTTP_SEPARATORS_IN_V0=true
15-Oct-2020 00:33:39.264 INFO [main] jdk.internal.reflect.DelegatingMethodAccessorImpl.invoke Command line argument: -ea
15-Oct-2020 00:33:39.264 INFO [main] jdk.internal.reflect.DelegatingMethodAccessorImpl.invoke The Apache Tomcat Native library which allows using OpenSSL was not found on the java.library.path: [/usr/java/packages/lib:/usr/lib64:/lib64:/lib:/usr/lib]
15-Oct-2020 00:33:40.399 INFO [main] jdk.internal.reflect.DelegatingMethodAccessorImpl.invoke Initializing ProtocolHandler ["http-nio-8080"]
15-Oct-2020 00:33:41.345 INFO [main] org.apache.openejb.util.OptionsLog.info Using 'tomee.remote.support=true'
15-Oct-2020 00:33:41.375 INFO [main] org.apache.openejb.util.OptionsLog.info Using 'openejb.jdbc.datasource-creator=org.apache.tomee.jdbc.TomEEDataSourceCreator'
15-Oct-2020 00:33:41.608 INFO [main] org.apache.openejb.OpenEJB$Instance.<init> ********************************************************************************
15-Oct-2020 00:33:41.609 INFO [main] org.apache.openejb.OpenEJB$Instance.<init> OpenEJB http://tomee.apache.org/
15-Oct-2020 00:33:41.609 INFO [main] org.apache.openejb.OpenEJB$Instance.<init> Startup: Thu Oct 15 00:33:41 UTC 2020
15-Oct-2020 00:33:41.610 INFO [main] org.apache.openejb.OpenEJB$Instance.<init> Copyright 1999-2018 (C) Apache OpenEJB Project, All Rights Reserved.
15-Oct-2020 00:33:41.610 INFO [main] org.apache.openejb.OpenEJB$Instance.<init> Version: 8.0.2
15-Oct-2020 00:33:41.610 INFO [main] org.apache.openejb.OpenEJB$Instance.<init> Build date: 20200514
15-Oct-2020 00:33:41.610 INFO [main] org.apache.openejb.OpenEJB$Instance.<init> Build time: 11:52
15-Oct-2020 00:33:41.611 INFO [main] org.apache.openejb.OpenEJB$Instance.<init> ********************************************************************************
15-Oct-2020 00:33:41.611 INFO [main] org.apache.openejb.OpenEJB$Instance.<init> openejb.home = /workspaces/dev-container-java/inscriptions/target/apache-tomee
15-Oct-2020 00:33:41.611 INFO [main] org.apache.openejb.OpenEJB$Instance.<init> openejb.base = /workspaces/dev-container-java/inscriptions/target/apache-tomee
15-Oct-2020 00:33:41.618 INFO [main] org.apache.openejb.cdi.CdiBuilder.initializeOWB Created new singletonService org.apache.openejb.cdi.ThreadSingletonServiceImpl@4b9df8a
15-Oct-2020 00:33:41.624 INFO [main] org.apache.openejb.cdi.CdiBuilder.initializeOWB Succeeded in installing singleton service
15-Oct-2020 00:33:41.718 INFO [main] org.apache.openejb.config.ConfigurationFactory.init TomEE configuration file is '/workspaces/dev-container-java/inscriptions/target/apache-tomee/conf/tomee.xml'
15-Oct-2020 00:33:41.844 INFO [main] org.apache.openejb.config.ConfigurationFactory.configureService Configuring Service(id=Tomcat Security Service, type=SecurityService, provider-id=Tomcat Security Service)
15-Oct-2020 00:33:41.850 INFO [main] org.apache.openejb.config.ConfigurationFactory.configureService Configuring Service(id=Default Transaction Manager, type=TransactionManager, provider-id=Default Transaction Manager)
15-Oct-2020 00:33:41.856 INFO [main] org.apache.openejb.util.OptionsLog.info Using 'openejb.system.apps=false'
15-Oct-2020 00:33:41.856 INFO [main] org.apache.openejb.util.OptionsLog.info Using 'openejb.deployments.classpath=false'
15-Oct-2020 00:33:41.868 INFO [main] org.apache.openejb.assembler.classic.Assembler.createRecipe Creating TransactionManager(id=Default Transaction Manager)
15-Oct-2020 00:33:42.030 INFO [main] org.apache.openejb.assembler.classic.Assembler.createRecipe Creating SecurityService(id=Tomcat Security Service)
15-Oct-2020 00:33:42.219 INFO [main] org.apache.openejb.server.ServiceManager.initServer Creating ServerService(id=cxf-rs)
15-Oct-2020 00:33:42.782 INFO [main] org.apache.openejb.server.SimpleServiceManager.start   ** Bound Services **
15-Oct-2020 00:33:42.782 INFO [main] org.apache.openejb.server.SimpleServiceManager.printRow   NAME                 IP              PORT  
15-Oct-2020 00:33:42.783 INFO [main] org.apache.openejb.server.SimpleServiceManager.start -------
15-Oct-2020 00:33:42.783 INFO [main] org.apache.openejb.server.SimpleServiceManager.start Ready!
15-Oct-2020 00:33:42.784 INFO [main] jdk.internal.reflect.DelegatingMethodAccessorImpl.invoke Server initialization in [4,169] milliseconds
15-Oct-2020 00:33:42.948 INFO [main] org.apache.tomee.catalina.OpenEJBNamingContextListener.bindResource Importing a Tomcat Resource with id 'UserDatabase' of type 'org.apache.catalina.UserDatabase'.
15-Oct-2020 00:33:42.948 INFO [main] org.apache.openejb.assembler.classic.Assembler.createRecipe Creating Resource(id=UserDatabase)
15-Oct-2020 00:33:42.992 INFO [main] jdk.internal.reflect.DelegatingMethodAccessorImpl.invoke Starting service [Catalina]
15-Oct-2020 00:33:42.992 INFO [main] jdk.internal.reflect.DelegatingMethodAccessorImpl.invoke Starting Servlet engine: [Apache Tomcat (TomEE)/9.0.35 (8.0.2)]
15-Oct-2020 00:33:43.068 INFO [main] jdk.internal.reflect.DelegatingMethodAccessorImpl.invoke Deploying web application archive [/workspaces/dev-container-java/inscriptions/target/apache-tomee/webapps/ROOT.war]
15-Oct-2020 00:33:43.087 INFO [main] org.apache.tomee.catalina.TomcatWebAppBuilder.init ------------------------- localhost -> /
15-Oct-2020 00:33:43.090 INFO [main] org.apache.openejb.util.JarExtractor.extract Extracting jar: /workspaces/dev-container-java/inscriptions/target/apache-tomee/webapps/ROOT.war
15-Oct-2020 00:33:43.099 INFO [main] org.apache.openejb.util.JarExtractor.extract Extracted path: /workspaces/dev-container-java/inscriptions/target/apache-tomee/webapps/ROOT
15-Oct-2020 00:33:43.100 INFO [main] org.apache.openejb.util.OptionsLog.info Using 'openejb.session.manager=org.apache.tomee.catalina.session.QuickSessionManager'
15-Oct-2020 00:33:43.419 INFO [main] org.apache.openejb.config.ConfigurationFactory.configureApplication Configuring enterprise application: /workspaces/dev-container-java/inscriptions/target/apache-tomee/webapps/ROOT
15-Oct-2020 00:33:43.624 INFO [main] org.apache.openejb.config.ConfigurationFactory.configureService Configuring Service(id=Default Managed Container, type=Container, provider-id=Default Managed Container)
15-Oct-2020 00:33:43.625 INFO [main] org.apache.openejb.config.AutoConfig.createContainer Auto-creating a container for bean .Comp1640458320: Container(type=MANAGED, id=Default Managed Container)
15-Oct-2020 00:33:43.626 INFO [main] org.apache.openejb.assembler.classic.Assembler.createRecipe Creating Container(id=Default Managed Container)
15-Oct-2020 00:33:43.660 INFO [main] org.apache.openejb.core.managed.SimplePassivater.init Using directory /workspaces/dev-container-java/inscriptions/target/apache-tomee/temp for stateful session passivation
15-Oct-2020 00:33:43.755 INFO [main] org.apache.openejb.config.AppInfoBuilder.build Enterprise application "/workspaces/dev-container-java/inscriptions/target/apache-tomee/webapps/ROOT" loaded.
15-Oct-2020 00:33:43.772 INFO [main] org.apache.openejb.assembler.classic.Assembler.createApplication Assembling app: /workspaces/dev-container-java/inscriptions/target/apache-tomee/webapps/ROOT
15-Oct-2020 00:33:44.302 INFO [main] org.apache.openejb.assembler.classic.Assembler.createApplication Deployed Application(path=/workspaces/dev-container-java/inscriptions/target/apache-tomee/webapps/ROOT)
15-Oct-2020 00:33:44.608 INFO [main] org.apache.myfaces.ee.MyFacesContainerInitializer.onStartup Using org.apache.myfaces.ee.MyFacesContainerInitializer
15-Oct-2020 00:33:44.841 INFO [main] jdk.internal.reflect.DelegatingMethodAccessorImpl.invoke Deployment of web application archive [/workspaces/dev-container-java/inscriptions/target/apache-tomee/webapps/ROOT.war] has finished in [1,774] ms
15-Oct-2020 00:33:44.867 INFO [main] org.apache.catalina.core.StandardContext.setClassLoaderProperty Unable to set the web application class loader property [clearReferencesRmiTargets] to [true] as the property does not exist.
15-Oct-2020 00:33:44.870 INFO [main] org.apache.catalina.core.StandardContext.setClassLoaderProperty Unable to set the web application class loader property [clearReferencesObjectStreamClassCaches] to [true] as the property does not exist.
15-Oct-2020 00:33:44.871 INFO [main] org.apache.catalina.core.StandardContext.setClassLoaderProperty Unable to set the web application class loader property [clearReferencesObjectStreamClassCaches] to [true] as the property does not exist.
15-Oct-2020 00:33:44.871 INFO [main] org.apache.catalina.core.StandardContext.setClassLoaderProperty Unable to set the web application class loader property [clearReferencesThreadLocals] to [true] as the property does not exist.
15-Oct-2020 00:33:44.919 INFO [main] jdk.internal.reflect.DelegatingMethodAccessorImpl.invoke Starting ProtocolHandler ["http-nio-8080"]
15-Oct-2020 00:33:44.964 INFO [main] jdk.internal.reflect.DelegatingMethodAccessorImpl.invoke Server startup in [2,178] milliseconds
15-Oct-2020 00:40:39.491 INFO [Thread-23] jdk.internal.reflect.DelegatingMethodAccessorImpl.invoke Pausing ProtocolHandler ["http-nio-8080"]
15-Oct-2020 00:40:39.498 INFO [main] jdk.internal.reflect.DelegatingMethodAccessorImpl.invoke A valid shutdown command was received via the shutdown port. Stopping the Server instance.
15-Oct-2020 00:40:39.516 INFO [Thread-23] jdk.internal.reflect.DelegatingMethodAccessorImpl.invoke Stopping service [Catalina]
15-Oct-2020 00:40:39.628 INFO [Thread-23] org.apache.openejb.assembler.classic.Assembler.destroyApplication Undeploying app: /workspaces/dev-container-java/inscriptions/target/apache-tomee/webapps/ROOT
15-Oct-2020 00:40:39.767 INFO [Thread-23] jdk.internal.reflect.DelegatingMethodAccessorImpl.invoke Stopping ProtocolHandler ["http-nio-8080"]
15-Oct-2020 00:40:39.775 INFO [Thread-23] org.apache.openejb.server.SimpleServiceManager.stop Stopping server services
15-Oct-2020 00:40:39.808 INFO [Thread-23] jdk.internal.reflect.DelegatingMethodAccessorImpl.invoke Destroying ProtocolHandler ["http-nio-8080"]
